<?xml version="1.0" encoding="UTF-8"?>
<!-- Generated by org.testng.reporters.JUnitXMLReporter -->
<testsuite ignored="0" hostname="LAPTOP-62RFVMRJ" failures="0" tests="8" name="Test" time="9.606" errors="0" timestamp="2022-08-07T16:28:15 IDT">
  <testcase classname="tests.ProductsTests" name="tc01_On_Products_page" time="0.137"/>
  <testcase classname="tests.ProductsTests" name="tc02_Add_to_cart_button_pos" time="0.429"/>
  <testcase classname="tests.ProductsTests" name="tc03_Add_to_cart_button_not_found" time="0.06"/>
  <testcase classname="tests.ProductsTests" name="tc04_Add_to_cart_button_already_added" time="0.294"/>
  <testcase classname="tests.ProductsTests" name="tc05_Remove_product" time="0.379"/>
  <testcase classname="tests.ProductsTests" name="tc06_Remove_product_not_found" time="0.062"/>
  <testcase classname="tests.ProductsTests" name="tc07_Remove_product_not_in_cart" time="0.268"/>
  <testcase classname="tests.ProductsTests" name="tc08_Product_price" time="0.084"/>
</testsuite> <!-- Test -->
